<?xml version="1.0" encoding="UTF-8"?>
<!-- Generated by org.testng.reporters.JUnitXMLReporter -->
<testsuite ignored="6" hostname="DESKTOP-NVPTPKF" failures="0" tests="4" name="Default test" time="311.162" errors="0" timestamp="2021-04-22T17:47:04 IST">
  <testcase classname="ai.eezy.logintest.LoginUsingMobileNumberTest" name="loginUsingMobileNumber" time="15.772"/>
  <testcase classname="ai.eezy.logintest.LoginRedirectingToSignInTest" name="loginToSingIn" time="3.904"/>
  <testcase classname="ai.eezy.logintest.LogOutTest" name="logout" time="113.193"/>
  <testcase classname="ai.eezy.logintest.LoginTest" name="login" time="90.712"/>
  <testcase classname="ai.eezy.generics.BaseTest" name="@AfterSuite configAS" time="0.0">
    <ignored/>
  </testcase> <!-- @AfterSuite configAS -->
  <testcase classname="ai.eezy.generics.BaseTest" name="@AfterSuite configAS" time="0.0">
    <ignored/>
  </testcase> <!-- @AfterSuite configAS -->
  <testcase classname="ai.eezy.generics.BaseTest" name="@AfterSuite configAS" time="0.0">
    <ignored/>
  </testcase> <!-- @AfterSuite configAS -->
  <testcase classname="ai.eezy.generics.BaseTest" name="@BeforeSuite configBS" time="0.0">
    <ignored/>
  </testcase> <!-- @BeforeSuite configBS -->
  <testcase classname="ai.eezy.generics.BaseTest" name="@BeforeSuite configBS" time="0.0">
    <ignored/>
  </testcase> <!-- @BeforeSuite configBS -->
  <testcase classname="ai.eezy.generics.BaseTest" name="@BeforeSuite configBS" time="0.0">
    <ignored/>
  </testcase> <!-- @BeforeSuite configBS -->
</testsuite> <!-- Default test -->
