<?xml version="1.0" encoding="UTF-8"?>
<testng-results ignored="0" total="1" passed="1" failed="0" skipped="0">
  <reporter-output>
  </reporter-output>
  <suite started-at="2021-04-27T16:34:29 IST" name="Default suite" finished-at="2021-04-27T16:37:25 IST" duration-ms="176114">
    <groups>
    </groups>
    <test started-at="2021-04-27T16:34:29 IST" name="Default test" finished-at="2021-04-27T16:37:25 IST" duration-ms="176114">
      <class name="ai.eezy.profiletest.SelectCityTest">
        <test-method is-config="true" signature="configBS()[pri:0, instance:ai.eezy.profiletest.SelectCityTest@24fcf36f]" started-at="2021-04-27T16:34:25 IST" name="configBS" finished-at="2021-04-27T16:34:29 IST" duration-ms="3642" status="PASS">
          <reporter-output>
          </reporter-output>
        </test-method> <!-- configBS -->
        <test-method is-config="true" signature="beforeMethod()[pri:0, instance:ai.eezy.profiletest.SelectCityTest@24fcf36f]" started-at="2021-04-27T16:34:29 IST" name="beforeMethod" finished-at="2021-04-27T16:34:48 IST" duration-ms="18867" status="PASS">
          <reporter-output>
          </reporter-output>
        </test-method> <!-- beforeMethod -->
        <test-method signature="selectCity()[pri:0, instance:ai.eezy.profiletest.SelectCityTest@24fcf36f]" started-at="2021-04-27T16:34:48 IST" name="selectCity" finished-at="2021-04-27T16:37:24 IST" duration-ms="156190" status="PASS">
          <reporter-output>
          </reporter-output>
        </test-method> <!-- selectCity -->
        <test-method is-config="true" signature="afterMethod()[pri:0, instance:ai.eezy.profiletest.SelectCityTest@24fcf36f]" started-at="2021-04-27T16:37:24 IST" name="afterMethod" finished-at="2021-04-27T16:37:25 IST" duration-ms="1010" status="PASS">
          <reporter-output>
          </reporter-output>
        </test-method> <!-- afterMethod -->
        <test-method is-config="true" signature="configAS()[pri:0, instance:ai.eezy.profiletest.SelectCityTest@24fcf36f]" started-at="2021-04-27T16:37:25 IST" name="configAS" finished-at="2021-04-27T16:37:25 IST" duration-ms="58" status="PASS">
          <reporter-output>
          </reporter-output>
        </test-method> <!-- configAS -->
      </class> <!-- ai.eezy.profiletest.SelectCityTest -->
    </test> <!-- Default test -->
  </suite> <!-- Default suite -->
</testng-results>
