<?xml version="1.0" encoding="UTF-8"?>
<testng-results ignored="6" total="10" passed="4" failed="0" skipped="0">
  <reporter-output>
  </reporter-output>
  <suite started-at="2021-04-22T17:41:53 IST" name="Default suite" finished-at="2021-04-22T17:47:04 IST" duration-ms="311162">
    <groups>
      <group name="Smoke">
        <method signature="LoginRedirectingToSignInTest.loginToSingIn()[pri:0, instance:ai.eezy.logintest.LoginRedirectingToSignInTest@1e683a3e]" name="loginToSingIn" class="ai.eezy.logintest.LoginRedirectingToSignInTest"/>
        <method signature="LoginUsingMobileNumberTest.loginUsingMobileNumber()[pri:0, instance:ai.eezy.logintest.LoginUsingMobileNumberTest@2b48a640]" name="loginUsingMobileNumber" class="ai.eezy.logintest.LoginUsingMobileNumberTest"/>
      </group> <!-- Smoke -->
    </groups>
    <test started-at="2021-04-22T17:41:53 IST" name="Default test" finished-at="2021-04-22T17:47:04 IST" duration-ms="311162">
      <class name="ai.eezy.logintest.LoginUsingMobileNumberTest">
        <test-method is-config="true" signature="configBS()[pri:0, instance:ai.eezy.logintest.LoginUsingMobileNumberTest@2b48a640]" started-at="2021-04-22T17:41:49 IST" name="configBS" finished-at="2021-04-22T17:41:53 IST" duration-ms="3788" status="PASS">
          <reporter-output>
          </reporter-output>
        </test-method> <!-- configBS -->
        <test-method is-config="true" signature="beforeMethod()[pri:0, instance:ai.eezy.logintest.LoginUsingMobileNumberTest@2b48a640]" started-at="2021-04-22T17:41:53 IST" name="beforeMethod" finished-at="2021-04-22T17:42:31 IST" duration-ms="38650" status="PASS">
          <reporter-output>
          </reporter-output>
        </test-method> <!-- beforeMethod -->
        <test-method signature="loginUsingMobileNumber()[pri:0, instance:ai.eezy.logintest.LoginUsingMobileNumberTest@2b48a640]" started-at="2021-04-22T17:42:31 IST" name="loginUsingMobileNumber" finished-at="2021-04-22T17:42:47 IST" duration-ms="15772" status="PASS">
          <reporter-output>
          </reporter-output>
        </test-method> <!-- loginUsingMobileNumber -->
        <test-method is-config="true" signature="afterMethod()[pri:0, instance:ai.eezy.logintest.LoginUsingMobileNumberTest@2b48a640]" started-at="2021-04-22T17:42:47 IST" name="afterMethod" finished-at="2021-04-22T17:42:48 IST" duration-ms="1185" status="PASS">
          <reporter-output>
          </reporter-output>
        </test-method> <!-- afterMethod -->
        <test-method is-config="true" signature="configAS()[pri:0, instance:ai.eezy.logintest.LoginUsingMobileNumberTest@2b48a640]" started-at="2021-04-22T17:47:04 IST" name="configAS" finished-at="2021-04-22T17:47:04 IST" duration-ms="55" status="PASS">
          <reporter-output>
          </reporter-output>
        </test-method> <!-- configAS -->
      </class> <!-- ai.eezy.logintest.LoginUsingMobileNumberTest -->
      <class name="ai.eezy.logintest.LoginRedirectingToSignInTest">
        <test-method is-config="true" signature="beforeMethod()[pri:0, instance:ai.eezy.logintest.LoginRedirectingToSignInTest@1e683a3e]" started-at="2021-04-22T17:42:48 IST" name="beforeMethod" finished-at="2021-04-22T17:43:04 IST" duration-ms="15818" status="PASS">
          <reporter-output>
          </reporter-output>
        </test-method> <!-- beforeMethod -->
        <test-method signature="loginToSingIn()[pri:0, instance:ai.eezy.logintest.LoginRedirectingToSignInTest@1e683a3e]" started-at="2021-04-22T17:43:04 IST" name="loginToSingIn" finished-at="2021-04-22T17:43:08 IST" duration-ms="3904" status="PASS">
          <reporter-output>
          </reporter-output>
        </test-method> <!-- loginToSingIn -->
        <test-method is-config="true" signature="afterMethod()[pri:0, instance:ai.eezy.logintest.LoginRedirectingToSignInTest@1e683a3e]" started-at="2021-04-22T17:43:08 IST" name="afterMethod" finished-at="2021-04-22T17:43:09 IST" duration-ms="1158" status="PASS">
          <reporter-output>
          </reporter-output>
        </test-method> <!-- afterMethod -->
      </class> <!-- ai.eezy.logintest.LoginRedirectingToSignInTest -->
      <class name="ai.eezy.logintest.LogOutTest">
        <test-method is-config="true" signature="beforeMethod()[pri:0, instance:ai.eezy.logintest.LogOutTest@2053d869]" started-at="2021-04-22T17:43:09 IST" name="beforeMethod" finished-at="2021-04-22T17:43:23 IST" duration-ms="14277" status="PASS">
          <reporter-output>
          </reporter-output>
        </test-method> <!-- beforeMethod -->
        <test-method signature="logout()[pri:0, instance:ai.eezy.logintest.LogOutTest@2053d869]" started-at="2021-04-22T17:43:23 IST" name="logout" finished-at="2021-04-22T17:45:17 IST" duration-ms="113193" status="PASS">
          <reporter-output>
          </reporter-output>
        </test-method> <!-- logout -->
        <test-method is-config="true" signature="afterMethod()[pri:0, instance:ai.eezy.logintest.LogOutTest@2053d869]" started-at="2021-04-22T17:45:17 IST" name="afterMethod" finished-at="2021-04-22T17:45:18 IST" duration-ms="1154" status="PASS">
          <reporter-output>
          </reporter-output>
        </test-method> <!-- afterMethod -->
      </class> <!-- ai.eezy.logintest.LogOutTest -->
      <class name="ai.eezy.logintest.LoginTest">
        <test-method is-config="true" signature="beforeMethod()[pri:0, instance:ai.eezy.logintest.LoginTest@7a419da4]" started-at="2021-04-22T17:45:18 IST" name="beforeMethod" finished-at="2021-04-22T17:45:32 IST" duration-ms="14208" status="PASS">
          <reporter-output>
          </reporter-output>
        </test-method> <!-- beforeMethod -->
        <test-method signature="login()[pri:0, instance:ai.eezy.logintest.LoginTest@7a419da4]" started-at="2021-04-22T17:45:32 IST" name="login" finished-at="2021-04-22T17:47:03 IST" duration-ms="90712" status="PASS">
          <reporter-output>
          </reporter-output>
        </test-method> <!-- login -->
        <test-method is-config="true" signature="afterMethod()[pri:0, instance:ai.eezy.logintest.LoginTest@7a419da4]" started-at="2021-04-22T17:47:03 IST" name="afterMethod" finished-at="2021-04-22T17:47:04 IST" duration-ms="1080" status="PASS">
          <reporter-output>
          </reporter-output>
        </test-method> <!-- afterMethod -->
      </class> <!-- ai.eezy.logintest.LoginTest -->
    </test> <!-- Default test -->
  </suite> <!-- Default suite -->
</testng-results>
